Arguments: 
  C:\Program Files\nodejs\node.exe C:\Users\Verzach3\AppData\Roaming\npm\node_modules\yarn\bin\yarn.js add @types/isomorphic-ws @types/ws -D

PATH: 
  C:\Program Files\Eclipse Adoptium\jdk-11.0.15.10-hotspot\bin;C:\Python310\Scripts\;C:\Python310\;C:\Windows\system32;C:\Windows;C:\Windows\System32\Wbem;C:\Windows\System32\WindowsPowerShell\v1.0\;C:\Windows\System32\OpenSSH\;C:\Program Files\nodejs\;C:\ProgramData\chocolatey\bin;C:\Program Files\Git\cmd;C:\Program Files\dotnet\;C:\HaxeToolkit\haxe;C:\HaxeToolkit\neko;C:\Program Files\CMake\bin;C:\Program Files (x86)\NVIDIA Corporation\PhysX\Common;C:\Program Files\NVIDIA Corporation\NVIDIA NvDLISR;C:\Program Files\Wasmtime\bin;C:\Users\Verzach3\.cargo\bin;C:\Users\Verzach3\AppData\Local\Microsoft\WindowsApps;C:\Users\Verzach3\AppData\Roaming\npm;C:\Users\Verzach3\AppData\Local\Programs\Microsoft VS Code\bin;C:\Users\Verzach3\AppData\Local\gitkraken\bin;C:\Users\Verzach3\AppData\Local\Android\Sdk\platform-tools;C:\redis-7-0-2;C:\ffmpeg\bin;C:\Users\Verzach3\AppData\Roaming\Python\Python310\Scripts;C:\hl-1.12.0-win;C:\ninja-win;C:\Users\Verzach3\.dotnet\tools;C:\flutter\bin;C:\Program Files\Wasmtime\bin;C:\Users\Verzach3\AppData\Local\JetBrains\Toolbox\scripts;C:\Users\Verzach3\AppData\Local\Yarn\bin;C:\Users\Verzach3\.dotnet\tools

Yarn version: 
  1.22.19

Node version: 
  16.15.1

Platform: 
  win32 x64

Trace: 
  Error: https://registry.yarnpkg.com/@types%2fisomorphic-ws: Not found
      at Request.params.callback [as _callback] (C:\Users\Verzach3\AppData\Roaming\npm\node_modules\yarn\lib\cli.js:66145:18)
      at Request.self.callback (C:\Users\Verzach3\AppData\Roaming\npm\node_modules\yarn\lib\cli.js:140890:22)
      at Request.emit (node:events:527:28)
      at Request.<anonymous> (C:\Users\Verzach3\AppData\Roaming\npm\node_modules\yarn\lib\cli.js:141862:10)
      at Request.emit (node:events:527:28)
      at IncomingMessage.<anonymous> (C:\Users\Verzach3\AppData\Roaming\npm\node_modules\yarn\lib\cli.js:141784:12)
      at Object.onceWrapper (node:events:641:28)
      at IncomingMessage.emit (node:events:539:35)
      at endReadableNT (node:internal/streams/readable:1345:12)
      at processTicksAndRejections (node:internal/process/task_queues:83:21)

npm manifest: 
  {
    "name": "kronos",
    "version": "1.0.0",
    "description": "A sync library for games",
    "main": "index.js",
    "repository": "https://github.com/Verzach3/kronos",
    "author": "Verzach3",
    "license": "MIT",
    "devDependencies": {
      "typescript": "^4.8.2"
    },
    "dependencies": {
      "isomorphic-ws": "^5.0.0",
      "ws": "^8.8.1"
    }
  }

yarn manifest: 
  No manifest

Lockfile: 
  # THIS IS AN AUTOGENERATED FILE. DO NOT EDIT THIS FILE DIRECTLY.
  # yarn lockfile v1
  
  
  isomorphic-ws@^5.0.0:
    version "5.0.0"
    resolved "https://registry.yarnpkg.com/isomorphic-ws/-/isomorphic-ws-5.0.0.tgz#e5529148912ecb9b451b46ed44d53dae1ce04bbf"
    integrity sha512-muId7Zzn9ywDsyXgTIafTry2sV3nySZeUDe6YedVd1Hvuuep5AsIlqK+XefWpYTyJG5e503F2xIuT2lcU6rCSw==
  
  typescript@^4.8.2:
    version "4.8.2"
    resolved "https://registry.yarnpkg.com/typescript/-/typescript-4.8.2.tgz#e3b33d5ccfb5914e4eeab6699cf208adee3fd790"
    integrity sha512-C0I1UsrrDHo2fYI5oaCGbSejwX4ch+9Y5jTQELvovfmFkK3HHSZJB8MSJcWLmCUBzQBchCrZ9rMRV6GuNrvGtw==
  
  ws@^8.8.1:
    version "8.8.1"
    resolved "https://registry.yarnpkg.com/ws/-/ws-8.8.1.tgz#5dbad0feb7ade8ecc99b830c1d77c913d4955ff0"
    integrity sha512-bGy2JzvzkPowEJV++hF07hAD6niYSr0JzBNo/J29WsB57A2r7Wlc1UFcTR9IzrPvuNVO4B8LGqF8qcpsVOhJCA==
